activating environment tf2
SLURM_NODELIST=local02
SLURM_JOB_NAME=start_jupyter.sh
XDG_SESSION_ID=25928
SLURMD_NODENAME=local02
SLURM_TOPOLOGY_ADDR=local02
HOSTNAME=local02
SLURM_PRIO_PROCESS=0
SLURM_NODE_ALIASES=(null)
TERM=xterm-256color
SHELL=/bin/bash
SLURM_JOB_QOS=this qos allows for short jobs that cannot be preempted
TMPDIR=/tmp
SLURM_TOPOLOGY_ADDR_PATTERN=node
SSH_CLIENT=73.217.95.52 56285 22
CONDA_SHLVL=1
CONDA_PROMPT_MODIFIER=(tf2) 
SSH_TTY=/dev/pts/8
NO_PROXY=localhost,127.0.0.1,192.168.1.0/24,.e-cortex.com
SLURM_NNODES=1
http_proxy=http://192.168.1.41:3128/
USER=fluxionsdx
LD_LIBRARY_PATH=/usr/local/cuda/lib64
CONDA_EXE=/usr/local/anaconda3/bin/conda
SLURM_JOBID=77746
SSH_AUTH_SOCK=/tmp/ssh-BdJsAI68Zx/agent.6857
TMOUT=1200
SLURM_TASKS_PER_NODE=1
MAIL=/var/mail/fluxionsdx
PATH=/home/fluxionsdx/.conda/envs/tf2/bin:/usr/local/anaconda3/condabin:/usr/local/anaconda3/bin:~/.local/bin/kg/:/usr/local/sbin:/usr/local/bin:/usr/sbin:/usr/bin:/sbin:/bin:/usr/games:/usr/local/games:/snap/bin
SLURM_WORKING_CLUSTER=cluster:192.168.1.41:6817:8704:101
SLURM_JOB_ID=77746
SLURM_CPUS_PER_TASK=1
CONDA_PREFIX=/home/fluxionsdx/.conda/envs/tf2
SLURM_JOB_USER=fluxionsdx
PWD=/projects/mines/Josh/ssd_copy
CUDA_VISIBLE_DEVICES=0
LANG=en_US.UTF-8
SLURM_JOB_UID=1015
SLURM_NODEID=0
SLURM_SUBMIT_DIR=/projects/mines/Josh/ssd_copy
SLURM_TASK_PID=17403
SLURM_CPUS_ON_NODE=1
HTTPS_PROXY=http://192.168.1.41:3128/
https_proxy=http://192.168.1.41:3128/
SLURM_PROCID=0
ENVIRONMENT=BATCH
SLURM_JOB_NODELIST=local02
SHLVL=3
HOME=/home/fluxionsdx
SLURM_LOCALID=0
SLURM_JOB_GID=1015
SLURM_JOB_CPUS_PER_NODE=1
SLURM_CLUSTER_NAME=cluster
no_proxy=localhost,127.0.0.1,192.168.1.0/24,.e-cortex.com
SLURM_GTIDS=0
SLURM_SUBMIT_HOST=ashitaka
HTTP_PROXY=http://192.168.1.41:3128/
SLURM_JOB_PARTITION=localHigh
SLURM_JOB_GRES=0
CONDA_PYTHON_EXE=/usr/local/anaconda3/bin/python
PYTHONPATH=$PYTHONPATH:/projects/mines/Josh/models/research:/projects/mines/Josh/models/research/slim/:/projects/mines/Josh/models/research/object_detection/
LOGNAME=fluxionsdx
GPU_DEVICE_ORDINAL=0
SLURM_JOB_ACCOUNT=ecortex
XDG_DATA_DIRS=/usr/local/share:/usr/share:/var/lib/snapd/desktop
SSH_CONNECTION=73.217.95.52 56285 10.0.1.41 22
SLURM_JOB_NUM_NODES=1
CONDA_DEFAULT_ENV=tf2
XDG_RUNTIME_DIR=/run/user/1015
SLURM_MEM_PER_NODE=24576
_=/usr/bin/env
SLURM_NODELIST=local02
SLURM_JOB_NAME=start_jupyter.sh
XDG_SESSION_ID=25928
SLURMD_NODENAME=local02
SLURM_TOPOLOGY_ADDR=local02
HOSTNAME=local02
SLURM_PRIO_PROCESS=0
SLURM_NODE_ALIASES=(null)
TERM=xterm-256color
SHELL=/bin/bash
SLURM_JOB_QOS=this qos allows for short jobs that cannot be preempted
TMPDIR=/tmp
SLURM_TOPOLOGY_ADDR_PATTERN=node
SSH_CLIENT=73.217.95.52 56285 22
CONDA_SHLVL=1
CONDA_PROMPT_MODIFIER=(tf2) 
SSH_TTY=/dev/pts/8
NO_PROXY=localhost,127.0.0.1,192.168.1.0/24,.e-cortex.com
SLURM_NNODES=1
http_proxy=http://192.168.1.41:3128/
USER=fluxionsdx
LD_LIBRARY_PATH=/usr/local/cuda/lib64
CONDA_EXE=/usr/local/anaconda3/bin/conda
SLURM_JOBID=77746
SSH_AUTH_SOCK=/tmp/ssh-BdJsAI68Zx/agent.6857
TMOUT=1200
SLURM_TASKS_PER_NODE=1
MAIL=/var/mail/fluxionsdx
PATH=/home/fluxionsdx/.conda/envs/tf2/bin:/usr/local/anaconda3/condabin:/usr/local/anaconda3/bin:~/.local/bin/kg/:/usr/local/sbin:/usr/local/bin:/usr/sbin:/usr/bin:/sbin:/bin:/usr/games:/usr/local/games:/snap/bin
SLURM_WORKING_CLUSTER=cluster:192.168.1.41:6817:8704:101
SLURM_JOB_ID=77746
SLURM_CPUS_PER_TASK=1
CONDA_PREFIX=/home/fluxionsdx/.conda/envs/tf2
SLURM_JOB_USER=fluxionsdx
PWD=/projects/mines/Josh/ssd_copy
CUDA_VISIBLE_DEVICES=0
LANG=en_US.UTF-8
SLURM_JOB_UID=1015
SLURM_NODEID=0
SLURM_SUBMIT_DIR=/projects/mines/Josh/ssd_copy
SLURM_TASK_PID=17403
SLURM_CPUS_ON_NODE=1
HTTPS_PROXY=http://192.168.1.41:3128/
https_proxy=http://192.168.1.41:3128/
SLURM_PROCID=0
ENVIRONMENT=BATCH
SLURM_JOB_NODELIST=local02
SHLVL=3
HOME=/home/fluxionsdx
SLURM_LOCALID=0
SLURM_JOB_GID=1015
SLURM_JOB_CPUS_PER_NODE=1
SLURM_CLUSTER_NAME=cluster
no_proxy=localhost,127.0.0.1,192.168.1.0/24,.e-cortex.com
SLURM_GTIDS=0
SLURM_SUBMIT_HOST=ashitaka
HTTP_PROXY=http://192.168.1.41:3128/
SLURM_JOB_PARTITION=localHigh
SLURM_JOB_GRES=0
CONDA_PYTHON_EXE=/usr/local/anaconda3/bin/python
PYTHONPATH=$PYTHONPATH:/projects/mines/Josh/models/research:/projects/mines/Josh/models/research/slim/:/projects/mines/Josh/models/research/object_detection/
LOGNAME=fluxionsdx
GPU_DEVICE_ORDINAL=0
SLURM_JOB_ACCOUNT=ecortex
XDG_DATA_DIRS=/usr/local/share:/usr/share:/var/lib/snapd/desktop
SSH_CONNECTION=73.217.95.52 56285 10.0.1.41 22
SLURM_JOB_NUM_NODES=1
CONDA_DEFAULT_ENV=tf2
SLURM_MEM_PER_NODE=24576
_=/usr/bin/env
[I 09:42:25.032 NotebookApp] [nb_conda_kernels] enabled, 3 kernels found
[I 09:42:25.574 NotebookApp] [nb_conda] enabled
[I 09:42:25.574 NotebookApp] Serving notebooks from local directory: /projects/mines/Josh/ssd_copy
[I 09:42:25.574 NotebookApp] The Jupyter Notebook is running at:
[I 09:42:25.574 NotebookApp] http://localhost:8926/
[I 09:42:25.574 NotebookApp] Use Control-C to stop this server and shut down all kernels (twice to skip confirmation).
slurmstepd: error: *** JOB 77746 ON local02 CANCELLED AT 2020-03-07T09:59:33 ***
